2026-03-13 18:58:14.384 [INFO] === Dragon's Dream Server v3 — log file: D:\DragonsDreamDecomp\server\logs\dd_server_20260313_185814.log ===
2026-03-13 18:58:14.389 [INFO] Dragon's Dream Revival Server v3 listening on ('0.0.0.0', 8020)
2026-03-13 19:00:03.860 [INFO] [S1] Connected from ('192.168.50.96', 50512)
2026-03-13 19:00:03.861 [INFO] [S1] BBS: b'4400'
2026-03-13 19:00:04.861 [INFO] [S1] BBS: b'P'
2026-03-13 19:00:05.107 [INFO] [S1] BBS: b'SET 1:0,2:0,3:0,4:1,5:0,7:0,8:0,9:0,10:0,12:0,13:0,14:0,15:0,18:0,19:0,20:0,21:0,22:0'
2026-03-13 19:00:05.294 [INFO] [S1] BBS: b'C NETRPG'
2026-03-13 19:00:05.295 [INFO] [S1] BBS: Connected to service 'NETRPG'
2026-03-13 19:00:05.295 [INFO] [S1] BBS complete, starting session handshake
2026-03-13 19:00:05.811 [INFO] [S1] Sent session establishment (256 bytes, flags=0x00, subflags=0x0008, cksum=0x0008)
2026-03-13 19:00:05.811 [DEBUG] [S1] Establishment frame:
--- Session ESTABLISH (256 bytes) ---
  0000: 00 00 00 08 00 00 00 00 00 08 00 00 00 00 00 00   ................
  0010: 00 00 00 00 00 00 00 00 00 00 00 00 00 00 00 00   ................
  0020: 00 00 00 00 00 00 00 00 00 00 00 00 00 00 00 00   ................
  0030: 00 00 00 00 00 00 00 00 00 00 00 00 00 00 00 00   ................
  0040: 00 00 00 00 00 00 00 00 00 00 00 00 00 00 00 00   ................
  0050: 00 00 00 00 00 00 00 00 00 00 00 00 00 00 00 00   ................
  0060: 00 00 00 00 00 00 00 00 00 00 00 00 00 00 00 00   ................
  0070: 00 00 00 00 00 00 00 00 00 00 00 00 00 00 00 00   ................
  0080: 00 00 00 00 00 00 00 00 00 00 00 00 00 00 00 00   ................
  0090: 00 00 00 00 00 00 00 00 00 00 00 00 00 00 00 00   ................
  00A0: 00 00 00 00 00 00 00 00 00 00 00 00 00 00 00 00   ................
  00B0: 00 00 00 00 00 00 00 00 00 00 00 00 00 00 00 00   ................
  00C0: 00 00 00 00 00 00 00 00 00 00 00 00 00 00 00 00   ................
  00D0: 00 00 00 00 00 00 00 00 00 00 00 00 00 00 00 00   ................
  00E0: 00 00 00 00 00 00 00 00 00 00 00 00 00 00 00 00   ................
  00F0: 00 00 00 00 00 00 00 00 00 00 00 00 00 00 00 00   ................
2026-03-13 19:00:06.195 [INFO] [S1] IV header: IV012fed
2026-03-13 19:00:06.209 [DEBUG] [S1] IV payload (18 bytes): a634303236341c0000381f400000000007d0
2026-03-13 19:00:06.209 [INFO] [S1] << RECV 0xA6 #1 (18 bytes, flags=0x34)
2026-03-13 19:00:06.210 [DEBUG] [S1] << Raw 0xA6:
--- Client 0xA6 frame (18 bytes) ---
  0000: A6 34 30 32 36 34 1C 00 00 38 1F 40 00 00 00 00   .40264...8.@....
  0010: 07 D0                                             ..
2026-03-13 19:00:06.210 [INFO] [S1] 0xA6 status frame (no data), flags=0x34
2026-03-13 19:00:06.245 [INFO] [S1] IV header: IV05efa1
2026-03-13 19:00:06.315 [DEBUG] [S1] IV payload (94 bytes): a63b303932391c02000000000000000030303441000000350000004242564531
2026-03-13 19:00:06.315 [INFO] [S1] << RECV 0xA6 #2 (94 bytes, flags=0x3B)
2026-03-13 19:00:06.315 [DEBUG] [S1] << Raw 0xA6:
--- Client 0xA6 frame (94 bytes) ---
  0000: A6 3B 30 39 32 39 1C 02 00 00 00 00 00 00 00 00   .;0929..........
  0010: 30 30 34 41 00 00 00 35 00 00 00 42 42 56 45 31   004A...5...BBVE1
  0020: 32 33 34 35 00 00 00 00 00 00 00 00 00 00 00 00   2345............
  0030: 00 00 00 00 00 00 00 00 00 00 00 00 31 32 33 34   ............1234
  0040: 35 00 00 00 00 00 00 00 00 00 00 00 00 00 00 00   5...............
  0050: 00 00 00 00 FF FF FF FF 00 00 00 04 00 03         ..............
2026-03-13 19:00:06.315 [INFO] [S1] 0xA6 data: seq=0, val2=0x00000000, raw_pos=16, remaining=78
2026-03-13 19:00:06.315 [INFO] [S1] Extracted SCMD (74 bytes): 0000003500000042425645313233343500000000000000000000000000000000...
2026-03-13 19:00:06.316 [INFO] [S1] << SCMD 0x0035 (66 bytes, param1=0x0000)
2026-03-13 19:00:06.316 [INFO] [S1] INIT received (66 bytes payload)
2026-03-13 19:00:06.316 [INFO] [S1] INIT: version='BVE12345', name='12345', reconnect=0x0000, mode=4, proto=3
2026-03-13 19:00:06.316 [INFO] [S1] Built session DATA frame: 79 bytes, seq=0, scmd_len=59, cksum=0x04DF, header=000304df000000000000000000000001003b0000
2026-03-13 19:00:06.316 [INFO] [S1] >> SEND 0x01E8 (51 bytes payload, param1=0x0000, send_seq=59)
2026-03-13 19:00:06.318 [DEBUG] [S1] >> SCMD:
--- SCMD 0x01E8 (59 bytes) ---
  0000: 00 00 01 E8 00 00 00 33 00 00 00 01 00 01 00 00   .......3........
  0010: 00 00 00 01 44 44 20 52 65 76 69 76 61 6C 00 00   ....DD Revival..
  0020: 00 00 00 00 00 00 00 00 00 00 00 00 00 00 00 00   ................
  0030: 00 00 00 00 00 00 00 00 00 00 00                  ...........
2026-03-13 19:00:06.318 [DEBUG] [S1] >> Session frame:
--- Session DATA frame (79 bytes) ---
  0000: 00 03 04 DF 00 00 00 00 00 00 00 00 00 00 00 01   ................
  0010: 00 3B 00 00 00 00 01 E8 00 00 00 33 00 00 00 01   .;.........3....
  0020: 00 01 00 00 00 00 00 01 44 44 20 52 65 76 69 76   ........DD Reviv
  0030: 61 6C 00 00 00 00 00 00 00 00 00 00 00 00 00 00   al..............
  0040: 00 00 00 00 00 00 00 00 00 00 00 00 00 00 00      ...............
2026-03-13 19:00:06.318 [INFO] [S1] Built session DATA frame: 52 bytes, seq=59, scmd_len=32, cksum=0x0253, header=00030253000000000000003b0000003c00200000
2026-03-13 19:00:06.318 [INFO] [S1] >> SEND 0x019F (24 bytes payload, param1=0x0000, send_seq=91)
2026-03-13 19:00:06.318 [DEBUG] [S1] >> SCMD:
--- SCMD 0x019F (32 bytes) ---
  0000: 00 00 01 9F 00 00 00 18 00 00 00 01 00 00 00 01   ................
  0010: 31 32 33 34 35 00 00 00 00 00 00 00 00 00 00 00   12345...........
2026-03-13 19:00:06.319 [DEBUG] [S1] >> Session frame:
--- Session DATA frame (52 bytes) ---
  0000: 00 03 02 53 00 00 00 00 00 00 00 3B 00 00 00 3C   ...S.......;...<
  0010: 00 20 00 00 00 00 01 9F 00 00 00 18 00 00 00 01   . ..............
  0020: 00 00 00 01 31 32 33 34 35 00 00 00 00 00 00 00   ....12345.......
  0030: 00 00 00 00                                       ....
2026-03-13 19:00:06.588 [INFO] [S1] IV header: IV058fa7
2026-03-13 19:00:06.646 [DEBUG] [S1] IV payload (88 bytes): a63b303531361c020000004a0000003b303034340001019e0000003c00000000
2026-03-13 19:00:06.646 [INFO] [S1] << RECV 0xA6 #3 (88 bytes, flags=0x3B)
2026-03-13 19:00:06.646 [DEBUG] [S1] << Raw 0xA6:
--- Client 0xA6 frame (88 bytes) ---
  0000: A6 3B 30 35 31 36 1C 02 00 00 00 4A 00 00 00 3B   .;0516.....J...;
  0010: 30 30 34 34 00 01 01 9E 00 00 00 3C 00 00 00 00   0044.......<....
  0020: 31 32 33 34 35 00 00 00 00 00 00 00 00 00 00 00   12345...........
  0030: 00 00 00 02 01 00 00 00 00 00 00 00 00 00 03 E8   ................
  0040: 00 00 00 00 00 00 00 01 00 00 00 00 00 00 00 00   ................
  0050: 00 00 00 00 00 00 00 00                           ........
2026-03-13 19:00:06.646 [INFO] [S1] 0xA6 data: seq=74, val2=0x0000003B, raw_pos=16, remaining=72
2026-03-13 19:00:06.647 [INFO] [S1] Extracted SCMD (68 bytes): 0001019e0000003c000000003132333435000000000000000000000000000002...
2026-03-13 19:00:06.647 [INFO] [S1] << SCMD 0x019E (60 bytes, param1=0x0001)
2026-03-13 19:00:06.647 [INFO] [S1] LOGIN: name='12345'
2026-03-13 19:00:06.647 [INFO] [S1] Built session DATA frame: 52 bytes, seq=91, scmd_len=32, cksum=0x0293, header=00030293000000000000005b0000005c00200000
2026-03-13 19:00:06.647 [INFO] [S1] >> SEND 0x019F (24 bytes payload, param1=0x0000, send_seq=123)
2026-03-13 19:00:06.647 [DEBUG] [S1] >> SCMD:
--- SCMD 0x019F (32 bytes) ---
  0000: 00 00 01 9F 00 00 00 18 00 00 00 01 00 00 00 01   ................
  0010: 31 32 33 34 35 00 00 00 00 00 00 00 00 00 00 00   12345...........
2026-03-13 19:00:06.648 [DEBUG] [S1] >> Session frame:
--- Session DATA frame (52 bytes) ---
  0000: 00 03 02 93 00 00 00 00 00 00 00 5B 00 00 00 5C   ...........[...\
  0010: 00 20 00 00 00 00 01 9F 00 00 00 18 00 00 00 01   . ..............
  0020: 00 00 00 01 31 32 33 34 35 00 00 00 00 00 00 00   ....12345.......
  0030: 00 00 00 00                                       ....
2026-03-13 19:00:06.688 [INFO] [S1] IV header: IV028fd7
2026-03-13 19:00:06.717 [DEBUG] [S1] IV payload (40 bytes): a63b303430371c020000008e0000005b30303134000101aa0000000c00010001
2026-03-13 19:00:06.718 [INFO] [S1] << RECV 0xA6 #4 (40 bytes, flags=0x3B)
2026-03-13 19:00:06.718 [DEBUG] [S1] << Raw 0xA6:
--- Client 0xA6 frame (40 bytes) ---
  0000: A6 3B 30 34 30 37 1C 02 00 00 00 8E 00 00 00 5B   .;0407.........[
  0010: 30 30 31 34 00 01 01 AA 00 00 00 0C 00 01 00 01   0014............
  0020: 00 00 20 2C 20 2C 06 02                           .. , ,..
2026-03-13 19:00:06.718 [INFO] [S1] 0xA6 data: seq=142, val2=0x0000005B, raw_pos=16, remaining=24
2026-03-13 19:00:06.718 [INFO] [S1] Extracted SCMD (20 bytes): 000101aa0000000c000100010000202c202c0602
2026-03-13 19:00:06.719 [INFO] [S1] << SCMD 0x01AA (12 bytes, param1=0x0001)
2026-03-13 19:00:06.719 [INFO] [S1] UPDATE_CHARDATA_REPLY received
2026-03-13 19:00:06.719 [INFO] [S1] Built session DATA frame: 200 bytes, seq=123, scmd_len=180, cksum=0x07D6, header=000307d6000000000000007b0000007c00b40000
2026-03-13 19:00:06.720 [INFO] [S1] >> SEND 0x02F9 (172 bytes payload, param1=0x0000, send_seq=303)
2026-03-13 19:00:06.720 [DEBUG] [S1] >> SCMD:
--- SCMD 0x02F9 (180 bytes) ---
  0000: 00 00 02 F9 00 00 00 AC 00 00 00 01 00 00 00 01   ................
  0010: 31 32 33 34 35 00 00 00 00 00 00 00 00 00 00 00   12345...........
  0020: 00 00 00 00 01 00 00 00 00 00 00 00 00 00 03 E8   ................
  0030: 00 00 00 00 00 00 00 00 00 00 00 00 00 00 00 00   ................
  0040: 00 00 00 00 00 00 00 01 00 00 00 01 00 00 00 00   ................
  0050: 00 64 00 32 00 0F 00 0C 00 0A 00 0A 00 0C 00 0A   .d.2............
  0060: 00 0A 00 0A 00 0A 00 0A 00 0A 00 0A 00 0A 00 0A   ................
  0070: 00 0A 00 0A 00 0A 00 64 00 32 00 0F 00 0C 00 0A   .......d.2......
  0080: 00 0A 00 0C 00 0A 00 0A 00 0A 00 0A 00 0A 00 0A   ................
  0090: 00 0A 00 0A 00 0A 00 0A 00 0A 00 0A 00 00 00 00   ................
  00A0: 00 00 00 00 00 00 00 00 00 00 00 00 00 00 00 00   ................
  00B0: 00 00 00 00                                       ....
2026-03-13 19:00:06.720 [DEBUG] [S1] >> Session frame:
--- Session DATA frame (200 bytes) ---
  0000: 00 03 07 D6 00 00 00 00 00 00 00 7B 00 00 00 7C   ...........{...|
  0010: 00 B4 00 00 00 00 02 F9 00 00 00 AC 00 00 00 01   ................
  0020: 00 00 00 01 31 32 33 34 35 00 00 00 00 00 00 00   ....12345.......
  0030: 00 00 00 00 00 00 00 00 01 00 00 00 00 00 00 00   ................
  0040: 00 00 03 E8 00 00 00 00 00 00 00 00 00 00 00 00   ................
  0050: 00 00 00 00 00 00 00 00 00 00 00 01 00 00 00 01   ................
  0060: 00 00 00 00 00 64 00 32 00 0F 00 0C 00 0A 00 0A   .....d.2........
  0070: 00 0C 00 0A 00 0A 00 0A 00 0A 00 0A 00 0A 00 0A   ................
  0080: 00 0A 00 0A 00 0A 00 0A 00 0A 00 64 00 32 00 0F   ...........d.2..
  0090: 00 0C 00 0A 00 0A 00 0C 00 0A 00 0A 00 0A 00 0A   ................
  00A0: 00 0A 00 0A 00 0A 00 0A 00 0A 00 0A 00 0A 00 0A   ................
  00B0: 00 00 00 00 00 00 00 00 00 00 00 00 00 00 00 00   ................
  00C0: 00 00 00 00 00 00 00 00                           ........
2026-03-13 19:00:06.780 [INFO] [S1] Built session DATA frame: 60 bytes, seq=303, scmd_len=40, cksum=0x029C, header=0003029c000000000000012f0000013000280000
2026-03-13 19:00:06.781 [INFO] [S1] >> SEND 0x02D2 (32 bytes payload, param1=0x0000, send_seq=343)
2026-03-13 19:00:06.781 [DEBUG] [S1] >> SCMD:
--- SCMD 0x02D2 (40 bytes) ---
  0000: 00 00 02 D2 00 00 00 20 01 01 01 01 00 00 00 18   ....... ........
  0010: 31 32 33 34 35 00 00 00 00 00 00 00 00 00 00 00   12345...........
  0020: 00 00 00 00 00 01 00 00                           ........
2026-03-13 19:00:06.781 [DEBUG] [S1] >> Session frame:
--- Session DATA frame (60 bytes) ---
  0000: 00 03 02 9C 00 00 00 00 00 00 01 2F 00 00 01 30   .........../...0
  0010: 00 28 00 00 00 00 02 D2 00 00 00 20 01 01 01 01   .(......... ....
  0020: 00 00 00 18 31 32 33 34 35 00 00 00 00 00 00 00   ....12345.......
  0030: 00 00 00 00 00 00 00 00 00 01 00 00               ............
2026-03-13 19:00:06.844 [INFO] [S1] Built session DATA frame: 88 bytes, seq=343, scmd_len=68, cksum=0x0484, header=0003048400000000000001570000015800440000
2026-03-13 19:00:06.844 [INFO] [S1] >> SEND 0x02D2 (60 bytes payload, param1=0x0000, send_seq=411)
2026-03-13 19:00:06.845 [DEBUG] [S1] >> SCMD:
--- SCMD 0x02D2 (68 bytes) ---
  0000: 00 00 02 D2 00 00 00 3C 02 01 01 01 00 00 00 34   .......<.......4
  0010: 00 00 00 00 31 32 33 34 35 00 00 00 00 00 00 00   ....12345.......
  0020: 00 00 00 00 00 00 0F 0C 0A 0A 0C 0A 0A 0A 00 00   ................
  0030: 00 00 03 E8 00 00 00 00 00 00 00 00 00 00 00 00   ................
  0040: 00 00 00 00                                       ....
2026-03-13 19:00:06.845 [DEBUG] [S1] >> Session frame:
--- Session DATA frame (88 bytes) ---
  0000: 00 03 04 84 00 00 00 00 00 00 01 57 00 00 01 58   ...........W...X
  0010: 00 44 00 00 00 00 02 D2 00 00 00 3C 02 01 01 01   .D.........<....
  0020: 00 00 00 34 00 00 00 00 31 32 33 34 35 00 00 00   ...4....12345...
  0030: 00 00 00 00 00 00 00 00 00 00 0F 0C 0A 0A 0C 0A   ................
  0040: 0A 0A 00 00 00 00 03 E8 00 00 00 00 00 00 00 00   ................
  0050: 00 00 00 00 00 00 00 00                           ........
2026-03-13 19:00:06.894 [INFO] [S1] Built session DATA frame: 36 bytes, seq=411, scmd_len=16, cksum=0x022D, header=0003022d000000000000019b0000019c00100000
2026-03-13 19:00:06.894 [INFO] [S1] >> SEND 0x02D2 (8 bytes payload, param1=0x0000, send_seq=427)
2026-03-13 19:00:06.894 [DEBUG] [S1] >> SCMD:
--- SCMD 0x02D2 (16 bytes) ---
  0000: 00 00 02 D2 00 00 00 08 03 01 01 00 00 00 00 00   ................
2026-03-13 19:00:06.894 [DEBUG] [S1] >> Session frame:
--- Session DATA frame (36 bytes) ---
  0000: 00 03 02 2D 00 00 00 00 00 00 01 9B 00 00 01 9C   ...-............
  0010: 00 10 00 00 00 00 02 D2 00 00 00 08 03 01 01 00   ................
  0020: 00 00 00 00                                       ....
2026-03-13 19:00:06.952 [INFO] [S1] Built session DATA frame: 36 bytes, seq=427, scmd_len=16, cksum=0x0212, header=0003021200000000000001ab000001ac00100000
2026-03-13 19:00:06.953 [INFO] [S1] >> SEND 0x019D (8 bytes payload, param1=0x0000, send_seq=443)
2026-03-13 19:00:06.953 [DEBUG] [S1] >> SCMD:
--- SCMD 0x019D (16 bytes) ---
  0000: 00 00 01 9D 00 00 00 08 00 00 00 00 00 00 00 00   ................
2026-03-13 19:00:06.953 [DEBUG] [S1] >> Session frame:
--- Session DATA frame (36 bytes) ---
  0000: 00 03 02 12 00 00 00 00 00 00 01 AB 00 00 01 AC   ................
  0010: 00 10 00 00 00 00 01 9D 00 00 00 08 00 00 00 00   ................
  0020: 00 00 00 00                                       ....
2026-03-13 19:00:06.953 [INFO] [S1] IV header: IV028fd7
2026-03-13 19:00:06.953 [DEBUG] [S1] IV payload (40 bytes): a63b303433421c02000000a20000007b30303134000101aa0000000c00010001
2026-03-13 19:00:06.953 [INFO] [S1] << RECV 0xA6 #5 (40 bytes, flags=0x3B)
2026-03-13 19:00:06.953 [DEBUG] [S1] << Raw 0xA6:
--- Client 0xA6 frame (40 bytes) ---
  0000: A6 3B 30 34 33 42 1C 02 00 00 00 A2 00 00 00 7B   .;043B.........{
  0010: 30 30 31 34 00 01 01 AA 00 00 00 0C 00 01 00 01   0014............
  0020: 00 00 20 2C 20 2C 06 02                           .. , ,..
2026-03-13 19:00:06.953 [INFO] [S1] 0xA6 data: seq=162, val2=0x0000007B, raw_pos=16, remaining=24
2026-03-13 19:00:06.954 [INFO] [S1] Extracted SCMD (20 bytes): 000101aa0000000c000100010000202c202c0602
2026-03-13 19:00:06.954 [INFO] [S1] << SCMD 0x01AA (12 bytes, param1=0x0001)
2026-03-13 19:00:06.955 [INFO] [S1] UPDATE_CHARDATA_REPLY received
2026-03-13 19:00:06.955 [INFO] [S1] Built session DATA frame: 200 bytes, seq=443, scmd_len=180, cksum=0x0858, header=0003085800000000000001bb000001bc00b40000
2026-03-13 19:00:06.955 [INFO] [S1] >> SEND 0x02F9 (172 bytes payload, param1=0x0000, send_seq=623)
2026-03-13 19:00:06.955 [DEBUG] [S1] >> SCMD:
--- SCMD 0x02F9 (180 bytes) ---
  0000: 00 00 02 F9 00 00 00 AC 00 00 00 01 00 00 00 01   ................
  0010: 31 32 33 34 35 00 00 00 00 00 00 00 00 00 00 00   12345...........
  0020: 00 00 00 00 01 00 00 00 00 00 00 00 00 00 03 E8   ................
  0030: 00 00 00 00 00 00 00 00 00 00 00 00 00 00 00 00   ................
  0040: 00 00 00 00 00 00 00 01 00 00 00 01 00 00 00 00   ................
  0050: 00 64 00 32 00 0F 00 0C 00 0A 00 0A 00 0C 00 0A   .d.2............
  0060: 00 0A 00 0A 00 0A 00 0A 00 0A 00 0A 00 0A 00 0A   ................
  0070: 00 0A 00 0A 00 0A 00 64 00 32 00 0F 00 0C 00 0A   .......d.2......
  0080: 00 0A 00 0C 00 0A 00 0A 00 0A 00 0A 00 0A 00 0A   ................
  0090: 00 0A 00 0A 00 0A 00 0A 00 0A 00 0A 00 00 00 00   ................
  00A0: 00 00 00 00 00 00 00 00 00 00 00 00 00 00 00 00   ................
  00B0: 00 00 00 00                                       ....
2026-03-13 19:00:06.955 [DEBUG] [S1] >> Session frame:
--- Session DATA frame (200 bytes) ---
  0000: 00 03 08 58 00 00 00 00 00 00 01 BB 00 00 01 BC   ...X............
  0010: 00 B4 00 00 00 00 02 F9 00 00 00 AC 00 00 00 01   ................
  0020: 00 00 00 01 31 32 33 34 35 00 00 00 00 00 00 00   ....12345.......
  0030: 00 00 00 00 00 00 00 00 01 00 00 00 00 00 00 00   ................
  0040: 00 00 03 E8 00 00 00 00 00 00 00 00 00 00 00 00   ................
  0050: 00 00 00 00 00 00 00 00 00 00 00 01 00 00 00 01   ................
  0060: 00 00 00 00 00 64 00 32 00 0F 00 0C 00 0A 00 0A   .....d.2........
  0070: 00 0C 00 0A 00 0A 00 0A 00 0A 00 0A 00 0A 00 0A   ................
  0080: 00 0A 00 0A 00 0A 00 0A 00 0A 00 64 00 32 00 0F   ...........d.2..
  0090: 00 0C 00 0A 00 0A 00 0C 00 0A 00 0A 00 0A 00 0A   ................
  00A0: 00 0A 00 0A 00 0A 00 0A 00 0A 00 0A 00 0A 00 0A   ................
  00B0: 00 00 00 00 00 00 00 00 00 00 00 00 00 00 00 00   ................
  00C0: 00 00 00 00 00 00 00 00                           ........
2026-03-13 19:00:07.014 [INFO] [S1] Built session DATA frame: 60 bytes, seq=623, scmd_len=40, cksum=0x031E, header=0003031e000000000000026f0000027000280000
2026-03-13 19:00:07.015 [INFO] [S1] >> SEND 0x02D2 (32 bytes payload, param1=0x0000, send_seq=663)
2026-03-13 19:00:07.015 [DEBUG] [S1] >> SCMD:
--- SCMD 0x02D2 (40 bytes) ---
  0000: 00 00 02 D2 00 00 00 20 01 01 01 01 00 00 00 18   ....... ........
  0010: 31 32 33 34 35 00 00 00 00 00 00 00 00 00 00 00   12345...........
  0020: 00 00 00 00 00 01 00 00                           ........
2026-03-13 19:00:07.015 [DEBUG] [S1] >> Session frame:
--- Session DATA frame (60 bytes) ---
  0000: 00 03 03 1E 00 00 00 00 00 00 02 6F 00 00 02 70   ...........o...p
  0010: 00 28 00 00 00 00 02 D2 00 00 00 20 01 01 01 01   .(......... ....
  0020: 00 00 00 18 31 32 33 34 35 00 00 00 00 00 00 00   ....12345.......
  0030: 00 00 00 00 00 00 00 00 00 01 00 00               ............
2026-03-13 19:00:07.063 [INFO] [S1] Built session DATA frame: 88 bytes, seq=663, scmd_len=68, cksum=0x0506, header=0003050600000000000002970000029800440000
2026-03-13 19:00:07.064 [INFO] [S1] >> SEND 0x02D2 (60 bytes payload, param1=0x0000, send_seq=731)
2026-03-13 19:00:07.064 [DEBUG] [S1] >> SCMD:
--- SCMD 0x02D2 (68 bytes) ---
  0000: 00 00 02 D2 00 00 00 3C 02 01 01 01 00 00 00 34   .......<.......4
  0010: 00 00 00 00 31 32 33 34 35 00 00 00 00 00 00 00   ....12345.......
  0020: 00 00 00 00 00 00 0F 0C 0A 0A 0C 0A 0A 0A 00 00   ................
  0030: 00 00 03 E8 00 00 00 00 00 00 00 00 00 00 00 00   ................
  0040: 00 00 00 00                                       ....
2026-03-13 19:00:07.064 [DEBUG] [S1] >> Session frame:
--- Session DATA frame (88 bytes) ---
  0000: 00 03 05 06 00 00 00 00 00 00 02 97 00 00 02 98   ................
  0010: 00 44 00 00 00 00 02 D2 00 00 00 3C 02 01 01 01   .D.........<....
  0020: 00 00 00 34 00 00 00 00 31 32 33 34 35 00 00 00   ...4....12345...
  0030: 00 00 00 00 00 00 00 00 00 00 0F 0C 0A 0A 0C 0A   ................
  0040: 0A 0A 00 00 00 00 03 E8 00 00 00 00 00 00 00 00   ................
  0050: 00 00 00 00 00 00 00 00                           ........
2026-03-13 19:00:07.124 [INFO] [S1] Built session DATA frame: 36 bytes, seq=731, scmd_len=16, cksum=0x02AF, header=000302af00000000000002db000002dc00100000
2026-03-13 19:00:07.124 [INFO] [S1] >> SEND 0x02D2 (8 bytes payload, param1=0x0000, send_seq=747)
2026-03-13 19:00:07.124 [DEBUG] [S1] >> SCMD:
--- SCMD 0x02D2 (16 bytes) ---
  0000: 00 00 02 D2 00 00 00 08 03 01 01 00 00 00 00 00   ................
2026-03-13 19:00:07.124 [DEBUG] [S1] >> Session frame:
--- Session DATA frame (36 bytes) ---
  0000: 00 03 02 AF 00 00 00 00 00 00 02 DB 00 00 02 DC   ................
  0010: 00 10 00 00 00 00 02 D2 00 00 00 08 03 01 01 00   ................
  0020: 00 00 00 00                                       ....
2026-03-13 19:00:07.185 [INFO] [S1] Built session DATA frame: 36 bytes, seq=747, scmd_len=16, cksum=0x0294, header=0003029400000000000002eb000002ec00100000
2026-03-13 19:00:07.186 [INFO] [S1] >> SEND 0x019D (8 bytes payload, param1=0x0000, send_seq=763)
2026-03-13 19:00:07.186 [DEBUG] [S1] >> SCMD:
--- SCMD 0x019D (16 bytes) ---
  0000: 00 00 01 9D 00 00 00 08 00 00 00 00 00 00 00 00   ................
2026-03-13 19:00:07.186 [DEBUG] [S1] >> Session frame:
--- Session DATA frame (36 bytes) ---
  0000: 00 03 02 94 00 00 00 00 00 00 02 EB 00 00 02 EC   ................
  0010: 00 10 00 00 00 00 01 9D 00 00 00 08 00 00 00 00   ................
  0020: 00 00 00 00                                       ....
2026-03-13 19:00:07.186 [INFO] [S1] IV header: IV020fdf
2026-03-13 19:00:07.186 [DEBUG] [S1] IV payload (32 bytes): a63b303341411c02000000b60000012f30303043000001ec0000000400000001
2026-03-13 19:00:07.186 [INFO] [S1] << RECV 0xA6 #6 (32 bytes, flags=0x3B)
2026-03-13 19:00:07.186 [DEBUG] [S1] << Raw 0xA6:
--- Client 0xA6 frame (32 bytes) ---
  0000: A6 3B 30 33 41 41 1C 02 00 00 00 B6 00 00 01 2F   .;03AA........./
  0010: 30 30 30 43 00 00 01 EC 00 00 00 04 00 00 00 01   000C............
2026-03-13 19:00:07.187 [INFO] [S1] 0xA6 data: seq=182, val2=0x0000012F, raw_pos=16, remaining=16
2026-03-13 19:00:07.187 [INFO] [S1] Extracted SCMD (12 bytes): 000001ec0000000400000001
2026-03-13 19:00:07.187 [INFO] [S1] << SCMD 0x01EC (4 bytes, param1=0x0000)
2026-03-13 19:00:07.187 [INFO] [S1] Built session DATA frame: 36 bytes, seq=763, scmd_len=16, cksum=0x0304, header=0003030400000000000002fb000002fc00100000
2026-03-13 19:00:07.188 [INFO] [S1] >> SEND 0x01ED (8 bytes payload, param1=0x0000, send_seq=779)
2026-03-13 19:00:07.188 [DEBUG] [S1] >> SCMD:
--- SCMD 0x01ED (16 bytes) ---
  0000: 00 00 01 ED 00 00 00 08 00 00 00 00 00 00 00 00   ................
2026-03-13 19:00:07.188 [DEBUG] [S1] >> Session frame:
--- Session DATA frame (36 bytes) ---
  0000: 00 03 03 04 00 00 00 00 00 00 02 FB 00 00 02 FC   ................
  0010: 00 10 00 00 00 00 01 ED 00 00 00 08 00 00 00 00   ................
  0020: 00 00 00 00                                       ....
2026-03-13 19:00:07.739 [INFO] [S1] IV header: IV020fdf
2026-03-13 19:00:07.766 [DEBUG] [S1] IV payload (32 bytes): a63b303346371c02000000c20000026f30303043000001ec0000000400000001
2026-03-13 19:00:07.767 [INFO] [S1] << RECV 0xA6 #7 (32 bytes, flags=0x3B)
2026-03-13 19:00:07.767 [DEBUG] [S1] << Raw 0xA6:
--- Client 0xA6 frame (32 bytes) ---
  0000: A6 3B 30 33 46 37 1C 02 00 00 00 C2 00 00 02 6F   .;03F7.........o
  0010: 30 30 30 43 00 00 01 EC 00 00 00 04 00 00 00 01   000C............
2026-03-13 19:00:07.767 [INFO] [S1] 0xA6 data: seq=194, val2=0x0000026F, raw_pos=16, remaining=16
2026-03-13 19:00:07.767 [INFO] [S1] Extracted SCMD (12 bytes): 000001ec0000000400000001
2026-03-13 19:00:07.767 [INFO] [S1] << SCMD 0x01EC (4 bytes, param1=0x0000)
2026-03-13 19:00:07.767 [INFO] [S1] Built session DATA frame: 36 bytes, seq=779, scmd_len=16, cksum=0x0126, header=00030126000000000000030b0000030c00100000
2026-03-13 19:00:07.768 [INFO] [S1] >> SEND 0x01ED (8 bytes payload, param1=0x0000, send_seq=795)
2026-03-13 19:00:07.768 [DEBUG] [S1] >> SCMD:
--- SCMD 0x01ED (16 bytes) ---
  0000: 00 00 01 ED 00 00 00 08 00 00 00 00 00 00 00 00   ................
2026-03-13 19:00:07.768 [DEBUG] [S1] >> Session frame:
--- Session DATA frame (36 bytes) ---
  0000: 00 03 01 26 00 00 00 00 00 00 03 0B 00 00 03 0C   ...&............
  0010: 00 10 00 00 00 00 01 ED 00 00 00 08 00 00 00 00   ................
  0020: 00 00 00 00                                       ....
2026-03-13 19:00:08.438 [INFO] [S1] IV header: IV020fdf
2026-03-13 19:00:08.461 [DEBUG] [S1] IV payload (32 bytes): a63b303331441c02000000ce0000030b30303043000002680000000400000001
2026-03-13 19:00:08.461 [INFO] [S1] << RECV 0xA6 #8 (32 bytes, flags=0x3B)
2026-03-13 19:00:08.461 [DEBUG] [S1] << Raw 0xA6:
--- Client 0xA6 frame (32 bytes) ---
  0000: A6 3B 30 33 31 44 1C 02 00 00 00 CE 00 00 03 0B   .;031D..........
  0010: 30 30 30 43 00 00 02 68 00 00 00 04 00 00 00 01   000C...h........
2026-03-13 19:00:08.462 [INFO] [S1] 0xA6 data: seq=206, val2=0x0000030B, raw_pos=16, remaining=16
2026-03-13 19:00:08.462 [INFO] [S1] Extracted SCMD (12 bytes): 000002680000000400000001
2026-03-13 19:00:08.462 [INFO] [S1] << SCMD 0x0268 (4 bytes, param1=0x0000)
2026-03-13 19:00:08.462 [INFO] [S1] Built session DATA frame: 30 bytes, seq=795, scmd_len=10, cksum=0x00B7, header=000300b7000000000000031b0000031c000a0000
2026-03-13 19:00:08.463 [INFO] [S1] >> SEND 0x0269 (2 bytes payload, param1=0x0000, send_seq=805)
2026-03-13 19:00:08.463 [DEBUG] [S1] >> SCMD:
--- SCMD 0x0269 (10 bytes) ---
  0000: 00 00 02 69 00 00 00 02 00 00                     ...i......
2026-03-13 19:00:08.463 [DEBUG] [S1] >> Session frame:
--- Session DATA frame (30 bytes) ---
  0000: 00 03 00 B7 00 00 00 00 00 00 03 1B 00 00 03 1C   ................
  0010: 00 0A 00 00 00 00 02 69 00 00 00 02 00 00         .......i......
2026-03-13 19:00:08.541 [INFO] [S1] IV header: IV021fde
2026-03-13 19:00:08.569 [DEBUG] [S1] IV payload (33 bytes): a63b303342351c02000000da0000031c7b303030430000026800000004000000
2026-03-13 19:00:08.569 [INFO] [S1] << RECV 0xA6 #9 (33 bytes, flags=0x3B)
2026-03-13 19:00:08.571 [DEBUG] [S1] << Raw 0xA6:
--- Client 0xA6 frame (33 bytes) ---
  0000: A6 3B 30 33 42 35 1C 02 00 00 00 DA 00 00 03 1C   .;03B5..........
  0010: 7B 30 30 30 43 00 00 02 68 00 00 00 04 00 00 00   {000C...h.......
  0020: 01                                                .
2026-03-13 19:00:08.571 [INFO] [S1] 0xA6 data: seq=218, val2=0x0000031B, raw_pos=17, remaining=16
2026-03-13 19:00:08.571 [INFO] [S1] Extracted SCMD (12 bytes): 000002680000000400000001
2026-03-13 19:00:08.571 [INFO] [S1] << SCMD 0x0268 (4 bytes, param1=0x0000)
2026-03-13 19:00:08.572 [INFO] [S1] Built session DATA frame: 30 bytes, seq=805, scmd_len=10, cksum=0x00CB, header=000300cb000000000000032500000326000a0000
2026-03-13 19:00:08.572 [INFO] [S1] >> SEND 0x0269 (2 bytes payload, param1=0x0000, send_seq=815)
2026-03-13 19:00:08.572 [DEBUG] [S1] >> SCMD:
--- SCMD 0x0269 (10 bytes) ---
  0000: 00 00 02 69 00 00 00 02 00 00                     ...i......
2026-03-13 19:00:08.573 [DEBUG] [S1] >> Session frame:
--- Session DATA frame (30 bytes) ---
  0000: 00 03 00 CB 00 00 00 00 00 00 03 25 00 00 03 26   ...........%...&
  0010: 00 0A 00 00 00 00 02 69 00 00 00 02 00 00         .......i......
2026-03-13 19:00:09.615 [INFO] [S1] IV header: IV01efe1
2026-03-13 19:00:09.666 [DEBUG] [S1] IV payload (30 bytes): a63b303338351c02000000e60000032f303030410000019a000000020000
2026-03-13 19:00:09.666 [INFO] [S1] << RECV 0xA6 #10 (30 bytes, flags=0x3B)
2026-03-13 19:00:09.667 [DEBUG] [S1] << Raw 0xA6:
--- Client 0xA6 frame (30 bytes) ---
  0000: A6 3B 30 33 38 35 1C 02 00 00 00 E6 00 00 03 2F   .;0385........./
  0010: 30 30 30 41 00 00 01 9A 00 00 00 02 00 00         000A..........
2026-03-13 19:00:09.667 [INFO] [S1] 0xA6 data: seq=230, val2=0x0000032F, raw_pos=16, remaining=14
2026-03-13 19:00:09.668 [INFO] [S1] Extracted SCMD (10 bytes): 0000019a000000020000
2026-03-13 19:00:09.668 [INFO] [S1] << SCMD 0x019A (2 bytes, param1=0x0000)
2026-03-13 19:00:09.668 [INFO] [S1] LOGOUT
2026-03-13 19:00:09.668 [INFO] [S1] Built session DATA frame: 36 bytes, seq=815, scmd_len=16, cksum=0x011C, header=0003011c000000000000032f0000033000100000
2026-03-13 19:00:09.669 [INFO] [S1] >> SEND 0x019B (8 bytes payload, param1=0x0000, send_seq=831)
2026-03-13 19:00:09.669 [DEBUG] [S1] >> SCMD:
--- SCMD 0x019B (16 bytes) ---
  0000: 00 00 01 9B 00 00 00 08 00 00 00 00 00 00 00 00   ................
2026-03-13 19:00:09.669 [DEBUG] [S1] >> Session frame:
--- Session DATA frame (36 bytes) ---
  0000: 00 03 01 1C 00 00 00 00 00 00 03 2F 00 00 03 30   .........../...0
  0010: 00 10 00 00 00 00 01 9B 00 00 00 08 00 00 00 00   ................
  0020: 00 00 00 00                                       ....
2026-03-13 19:00:09.669 [INFO] [S1] Message loop ended after 10 messages
2026-03-13 19:00:09.669 [INFO] [S1] Session closed
2026-03-13 19:03:44.940 [INFO] [S2] Connected from ('192.168.50.96', 50514)
2026-03-13 19:03:45.951 [INFO] [S2] BBS: b'P'
2026-03-13 19:03:46.191 [INFO] [S2] BBS: b'SET 1:0,2:0,3:0,4:1,5:0,7:0,8:0,9:0,10:0,12:0,13:0,14:0,15:0,18:0,19:0,20:0,21:0,22:0'
2026-03-13 19:03:46.376 [INFO] [S2] BBS: b'C NETRPG'
2026-03-13 19:03:46.377 [INFO] [S2] BBS: Connected to service 'NETRPG'
2026-03-13 19:03:46.377 [INFO] [S2] BBS complete, starting session handshake
2026-03-13 19:03:46.891 [INFO] [S2] Sent session establishment (256 bytes, flags=0x00, subflags=0x0008, cksum=0x0008)
2026-03-13 19:03:46.892 [DEBUG] [S2] Establishment frame:
--- Session ESTABLISH (256 bytes) ---
  0000: 00 00 00 08 00 00 00 00 00 08 00 00 00 00 00 00   ................
  0010: 00 00 00 00 00 00 00 00 00 00 00 00 00 00 00 00   ................
  0020: 00 00 00 00 00 00 00 00 00 00 00 00 00 00 00 00   ................
  0030: 00 00 00 00 00 00 00 00 00 00 00 00 00 00 00 00   ................
  0040: 00 00 00 00 00 00 00 00 00 00 00 00 00 00 00 00   ................
  0050: 00 00 00 00 00 00 00 00 00 00 00 00 00 00 00 00   ................
  0060: 00 00 00 00 00 00 00 00 00 00 00 00 00 00 00 00   ................
  0070: 00 00 00 00 00 00 00 00 00 00 00 00 00 00 00 00   ................
  0080: 00 00 00 00 00 00 00 00 00 00 00 00 00 00 00 00   ................
  0090: 00 00 00 00 00 00 00 00 00 00 00 00 00 00 00 00   ................
  00A0: 00 00 00 00 00 00 00 00 00 00 00 00 00 00 00 00   ................
  00B0: 00 00 00 00 00 00 00 00 00 00 00 00 00 00 00 00   ................
  00C0: 00 00 00 00 00 00 00 00 00 00 00 00 00 00 00 00   ................
  00D0: 00 00 00 00 00 00 00 00 00 00 00 00 00 00 00 00   ................
  00E0: 00 00 00 00 00 00 00 00 00 00 00 00 00 00 00 00   ................
  00F0: 00 00 00 00 00 00 00 00 00 00 00 00 00 00 00 00   ................
2026-03-13 19:03:47.227 [INFO] [S2] IV header: IV012fed
2026-03-13 19:03:47.238 [DEBUG] [S2] IV payload (18 bytes): a634303236341c0000381f400000000007d0
2026-03-13 19:03:47.238 [INFO] [S2] << RECV 0xA6 #1 (18 bytes, flags=0x34)
2026-03-13 19:03:47.239 [DEBUG] [S2] << Raw 0xA6:
--- Client 0xA6 frame (18 bytes) ---
  0000: A6 34 30 32 36 34 1C 00 00 38 1F 40 00 00 00 00   .40264...8.@....
  0010: 07 D0                                             ..
2026-03-13 19:03:47.239 [INFO] [S2] 0xA6 status frame (no data), flags=0x34
2026-03-13 19:03:47.275 [INFO] [S2] IV header: IV05efa1
2026-03-13 19:03:47.345 [DEBUG] [S2] IV payload (94 bytes): a63b303932391c02000000000000000030303441000000350000004242564531
2026-03-13 19:03:47.345 [INFO] [S2] << RECV 0xA6 #2 (94 bytes, flags=0x3B)
2026-03-13 19:03:47.346 [DEBUG] [S2] << Raw 0xA6:
--- Client 0xA6 frame (94 bytes) ---
  0000: A6 3B 30 39 32 39 1C 02 00 00 00 00 00 00 00 00   .;0929..........
  0010: 30 30 34 41 00 00 00 35 00 00 00 42 42 56 45 31   004A...5...BBVE1
  0020: 32 33 34 35 00 00 00 00 00 00 00 00 00 00 00 00   2345............
  0030: 00 00 00 00 00 00 00 00 00 00 00 00 31 32 33 34   ............1234
  0040: 35 00 00 00 00 00 00 00 00 00 00 00 00 00 00 00   5...............
  0050: 00 00 00 00 FF FF FF FF 00 00 00 04 00 03         ..............
2026-03-13 19:03:47.346 [INFO] [S2] 0xA6 data: seq=0, val2=0x00000000, raw_pos=16, remaining=78
2026-03-13 19:03:47.346 [INFO] [S2] Extracted SCMD (74 bytes): 0000003500000042425645313233343500000000000000000000000000000000...
2026-03-13 19:03:47.346 [INFO] [S2] << SCMD 0x0035 (66 bytes, param1=0x0000)
2026-03-13 19:03:47.346 [INFO] [S2] INIT received (66 bytes payload)
2026-03-13 19:03:47.347 [INFO] [S2] INIT: version='BVE12345', name='12345', reconnect=0x0000, mode=4, proto=3
2026-03-13 19:03:47.347 [INFO] [S2] Built session DATA frame: 79 bytes, seq=0, scmd_len=59, cksum=0x04E1, header=000304e1000000000000000000000001003b0000
2026-03-13 19:03:47.347 [INFO] [S2] >> SEND 0x01E8 (51 bytes payload, param1=0x0000, send_seq=59)
2026-03-13 19:03:47.347 [DEBUG] [S2] >> SCMD:
--- SCMD 0x01E8 (59 bytes) ---
  0000: 00 00 01 E8 00 00 00 33 00 00 00 02 00 02 00 00   .......3........
  0010: 00 00 00 01 44 44 20 52 65 76 69 76 61 6C 00 00   ....DD Revival..
  0020: 00 00 00 00 00 00 00 00 00 00 00 00 00 00 00 00   ................
  0030: 00 00 00 00 00 00 00 00 00 00 00                  ...........
2026-03-13 19:03:47.347 [DEBUG] [S2] >> Session frame:
--- Session DATA frame (79 bytes) ---
  0000: 00 03 04 E1 00 00 00 00 00 00 00 00 00 00 00 01   ................
  0010: 00 3B 00 00 00 00 01 E8 00 00 00 33 00 00 00 02   .;.........3....
  0020: 00 02 00 00 00 00 00 01 44 44 20 52 65 76 69 76   ........DD Reviv
  0030: 61 6C 00 00 00 00 00 00 00 00 00 00 00 00 00 00   al..............
  0040: 00 00 00 00 00 00 00 00 00 00 00 00 00 00 00      ...............
2026-03-13 19:03:47.347 [INFO] [S2] Built session DATA frame: 52 bytes, seq=59, scmd_len=32, cksum=0x0253, header=00030253000000000000003b0000003c00200000
2026-03-13 19:03:47.349 [INFO] [S2] >> SEND 0x019F (24 bytes payload, param1=0x0000, send_seq=91)
2026-03-13 19:03:47.349 [DEBUG] [S2] >> SCMD:
--- SCMD 0x019F (32 bytes) ---
  0000: 00 00 01 9F 00 00 00 18 00 00 00 01 00 00 00 01   ................
  0010: 31 32 33 34 35 00 00 00 00 00 00 00 00 00 00 00   12345...........
2026-03-13 19:03:47.349 [DEBUG] [S2] >> Session frame:
--- Session DATA frame (52 bytes) ---
  0000: 00 03 02 53 00 00 00 00 00 00 00 3B 00 00 00 3C   ...S.......;...<
  0010: 00 20 00 00 00 00 01 9F 00 00 00 18 00 00 00 01   . ..............
  0020: 00 00 00 01 31 32 33 34 35 00 00 00 00 00 00 00   ....12345.......
  0030: 00 00 00 00                                       ....
2026-03-13 19:03:47.620 [INFO] [S2] IV header: IV058fa7
2026-03-13 19:03:47.684 [DEBUG] [S2] IV payload (88 bytes): a63b303531411c020000004a0000003b303034340002019e0000003c00000000
2026-03-13 19:03:47.684 [INFO] [S2] << RECV 0xA6 #3 (88 bytes, flags=0x3B)
2026-03-13 19:03:47.684 [DEBUG] [S2] << Raw 0xA6:
--- Client 0xA6 frame (88 bytes) ---
  0000: A6 3B 30 35 31 41 1C 02 00 00 00 4A 00 00 00 3B   .;051A.....J...;
  0010: 30 30 34 34 00 02 01 9E 00 00 00 3C 00 00 00 00   0044.......<....
  0020: 31 32 33 34 35 00 00 00 00 00 00 00 00 00 00 00   12345...........
  0030: 00 00 00 02 01 00 00 00 00 00 00 00 00 00 03 E8   ................
  0040: 00 00 00 00 00 00 00 04 00 00 00 00 00 00 00 00   ................
  0050: 00 00 00 00 00 00 00 00                           ........
2026-03-13 19:03:47.684 [INFO] [S2] 0xA6 data: seq=74, val2=0x0000003B, raw_pos=16, remaining=72
2026-03-13 19:03:47.685 [INFO] [S2] Extracted SCMD (68 bytes): 0002019e0000003c000000003132333435000000000000000000000000000002...
2026-03-13 19:03:47.685 [INFO] [S2] << SCMD 0x019E (60 bytes, param1=0x0002)
2026-03-13 19:03:47.685 [INFO] [S2] LOGIN: name='12345'
2026-03-13 19:03:47.685 [INFO] [S2] Built session DATA frame: 52 bytes, seq=91, scmd_len=32, cksum=0x0293, header=00030293000000000000005b0000005c00200000
2026-03-13 19:03:47.686 [INFO] [S2] >> SEND 0x019F (24 bytes payload, param1=0x0000, send_seq=123)
2026-03-13 19:03:47.686 [DEBUG] [S2] >> SCMD:
--- SCMD 0x019F (32 bytes) ---
  0000: 00 00 01 9F 00 00 00 18 00 00 00 01 00 00 00 01   ................
  0010: 31 32 33 34 35 00 00 00 00 00 00 00 00 00 00 00   12345...........
2026-03-13 19:03:47.686 [DEBUG] [S2] >> Session frame:
--- Session DATA frame (52 bytes) ---
  0000: 00 03 02 93 00 00 00 00 00 00 00 5B 00 00 00 5C   ...........[...\
  0010: 00 20 00 00 00 00 01 9F 00 00 00 18 00 00 00 01   . ..............
  0020: 00 00 00 01 31 32 33 34 35 00 00 00 00 00 00 00   ....12345.......
  0030: 00 00 00 00                                       ....
2026-03-13 19:03:47.722 [INFO] [S2] IV header: IV028fd7
2026-03-13 19:03:47.751 [DEBUG] [S2] IV payload (40 bytes): a63b303430381c020000008e0000005b30303134000201aa0000000c00010001
2026-03-13 19:03:47.751 [INFO] [S2] << RECV 0xA6 #4 (40 bytes, flags=0x3B)
2026-03-13 19:03:47.752 [DEBUG] [S2] << Raw 0xA6:
--- Client 0xA6 frame (40 bytes) ---
  0000: A6 3B 30 34 30 38 1C 02 00 00 00 8E 00 00 00 5B   .;0408.........[
  0010: 30 30 31 34 00 02 01 AA 00 00 00 0C 00 01 00 01   0014............
  0020: 00 00 20 2C 20 2C 06 02                           .. , ,..
2026-03-13 19:03:47.752 [INFO] [S2] 0xA6 data: seq=142, val2=0x0000005B, raw_pos=16, remaining=24
2026-03-13 19:03:47.752 [INFO] [S2] Extracted SCMD (20 bytes): 000201aa0000000c000100010000202c202c0602
2026-03-13 19:03:47.752 [INFO] [S2] << SCMD 0x01AA (12 bytes, param1=0x0002)
2026-03-13 19:03:47.752 [INFO] [S2] UPDATE_CHARDATA_REPLY received
2026-03-13 19:03:47.753 [INFO] [S2] Built session DATA frame: 200 bytes, seq=123, scmd_len=180, cksum=0x07D6, header=000307d6000000000000007b0000007c00b40000
2026-03-13 19:03:47.753 [INFO] [S2] >> SEND 0x02F9 (172 bytes payload, param1=0x0000, send_seq=303)
2026-03-13 19:03:47.753 [DEBUG] [S2] >> SCMD:
--- SCMD 0x02F9 (180 bytes) ---
  0000: 00 00 02 F9 00 00 00 AC 00 00 00 01 00 00 00 01   ................
  0010: 31 32 33 34 35 00 00 00 00 00 00 00 00 00 00 00   12345...........
  0020: 00 00 00 00 01 00 00 00 00 00 00 00 00 00 03 E8   ................
  0030: 00 00 00 00 00 00 00 00 00 00 00 00 00 00 00 00   ................
  0040: 00 00 00 00 00 00 00 01 00 00 00 01 00 00 00 00   ................
  0050: 00 64 00 32 00 0F 00 0C 00 0A 00 0A 00 0C 00 0A   .d.2............
  0060: 00 0A 00 0A 00 0A 00 0A 00 0A 00 0A 00 0A 00 0A   ................
  0070: 00 0A 00 0A 00 0A 00 64 00 32 00 0F 00 0C 00 0A   .......d.2......
  0080: 00 0A 00 0C 00 0A 00 0A 00 0A 00 0A 00 0A 00 0A   ................
  0090: 00 0A 00 0A 00 0A 00 0A 00 0A 00 0A 00 00 00 00   ................
  00A0: 00 00 00 00 00 00 00 00 00 00 00 00 00 00 00 00   ................
  00B0: 00 00 00 00                                       ....
2026-03-13 19:03:47.754 [DEBUG] [S2] >> Session frame:
--- Session DATA frame (200 bytes) ---
  0000: 00 03 07 D6 00 00 00 00 00 00 00 7B 00 00 00 7C   ...........{...|
  0010: 00 B4 00 00 00 00 02 F9 00 00 00 AC 00 00 00 01   ................
  0020: 00 00 00 01 31 32 33 34 35 00 00 00 00 00 00 00   ....12345.......
  0030: 00 00 00 00 00 00 00 00 01 00 00 00 00 00 00 00   ................
  0040: 00 00 03 E8 00 00 00 00 00 00 00 00 00 00 00 00   ................
  0050: 00 00 00 00 00 00 00 00 00 00 00 01 00 00 00 01   ................
  0060: 00 00 00 00 00 64 00 32 00 0F 00 0C 00 0A 00 0A   .....d.2........
  0070: 00 0C 00 0A 00 0A 00 0A 00 0A 00 0A 00 0A 00 0A   ................
  0080: 00 0A 00 0A 00 0A 00 0A 00 0A 00 64 00 32 00 0F   ...........d.2..
  0090: 00 0C 00 0A 00 0A 00 0C 00 0A 00 0A 00 0A 00 0A   ................
  00A0: 00 0A 00 0A 00 0A 00 0A 00 0A 00 0A 00 0A 00 0A   ................
  00B0: 00 00 00 00 00 00 00 00 00 00 00 00 00 00 00 00   ................
  00C0: 00 00 00 00 00 00 00 00                           ........
2026-03-13 19:03:47.811 [INFO] [S2] Built session DATA frame: 60 bytes, seq=303, scmd_len=40, cksum=0x029C, header=0003029c000000000000012f0000013000280000
2026-03-13 19:03:47.811 [INFO] [S2] >> SEND 0x02D2 (32 bytes payload, param1=0x0000, send_seq=343)
2026-03-13 19:03:47.811 [DEBUG] [S2] >> SCMD:
--- SCMD 0x02D2 (40 bytes) ---
  0000: 00 00 02 D2 00 00 00 20 01 01 01 01 00 00 00 18   ....... ........
  0010: 31 32 33 34 35 00 00 00 00 00 00 00 00 00 00 00   12345...........
  0020: 00 00 00 00 00 01 00 00                           ........
2026-03-13 19:03:47.811 [DEBUG] [S2] >> Session frame:
--- Session DATA frame (60 bytes) ---
  0000: 00 03 02 9C 00 00 00 00 00 00 01 2F 00 00 01 30   .........../...0
  0010: 00 28 00 00 00 00 02 D2 00 00 00 20 01 01 01 01   .(......... ....
  0020: 00 00 00 18 31 32 33 34 35 00 00 00 00 00 00 00   ....12345.......
  0030: 00 00 00 00 00 00 00 00 00 01 00 00               ............
2026-03-13 19:03:47.873 [INFO] [S2] Built session DATA frame: 88 bytes, seq=343, scmd_len=68, cksum=0x0484, header=0003048400000000000001570000015800440000
2026-03-13 19:03:47.873 [INFO] [S2] >> SEND 0x02D2 (60 bytes payload, param1=0x0000, send_seq=411)
2026-03-13 19:03:47.873 [DEBUG] [S2] >> SCMD:
--- SCMD 0x02D2 (68 bytes) ---
  0000: 00 00 02 D2 00 00 00 3C 02 01 01 01 00 00 00 34   .......<.......4
  0010: 00 00 00 00 31 32 33 34 35 00 00 00 00 00 00 00   ....12345.......
  0020: 00 00 00 00 00 00 0F 0C 0A 0A 0C 0A 0A 0A 00 00   ................
  0030: 00 00 03 E8 00 00 00 00 00 00 00 00 00 00 00 00   ................
  0040: 00 00 00 00                                       ....
2026-03-13 19:03:47.873 [DEBUG] [S2] >> Session frame:
--- Session DATA frame (88 bytes) ---
  0000: 00 03 04 84 00 00 00 00 00 00 01 57 00 00 01 58   ...........W...X
  0010: 00 44 00 00 00 00 02 D2 00 00 00 3C 02 01 01 01   .D.........<....
  0020: 00 00 00 34 00 00 00 00 31 32 33 34 35 00 00 00   ...4....12345...
  0030: 00 00 00 00 00 00 00 00 00 00 0F 0C 0A 0A 0C 0A   ................
  0040: 0A 0A 00 00 00 00 03 E8 00 00 00 00 00 00 00 00   ................
  0050: 00 00 00 00 00 00 00 00                           ........
2026-03-13 19:03:47.918 [INFO] [S2] Built session DATA frame: 36 bytes, seq=411, scmd_len=16, cksum=0x022D, header=0003022d000000000000019b0000019c00100000
2026-03-13 19:03:47.919 [INFO] [S2] >> SEND 0x02D2 (8 bytes payload, param1=0x0000, send_seq=427)
2026-03-13 19:03:47.919 [DEBUG] [S2] >> SCMD:
--- SCMD 0x02D2 (16 bytes) ---
  0000: 00 00 02 D2 00 00 00 08 03 01 01 00 00 00 00 00   ................
2026-03-13 19:03:47.919 [DEBUG] [S2] >> Session frame:
--- Session DATA frame (36 bytes) ---
  0000: 00 03 02 2D 00 00 00 00 00 00 01 9B 00 00 01 9C   ...-............
  0010: 00 10 00 00 00 00 02 D2 00 00 00 08 03 01 01 00   ................
  0020: 00 00 00 00                                       ....
2026-03-13 19:03:47.982 [INFO] [S2] Built session DATA frame: 36 bytes, seq=427, scmd_len=16, cksum=0x0212, header=0003021200000000000001ab000001ac00100000
2026-03-13 19:03:47.982 [INFO] [S2] >> SEND 0x019D (8 bytes payload, param1=0x0000, send_seq=443)
2026-03-13 19:03:47.982 [DEBUG] [S2] >> SCMD:
--- SCMD 0x019D (16 bytes) ---
  0000: 00 00 01 9D 00 00 00 08 00 00 00 00 00 00 00 00   ................
2026-03-13 19:03:47.982 [DEBUG] [S2] >> Session frame:
--- Session DATA frame (36 bytes) ---
  0000: 00 03 02 12 00 00 00 00 00 00 01 AB 00 00 01 AC   ................
  0010: 00 10 00 00 00 00 01 9D 00 00 00 08 00 00 00 00   ................
  0020: 00 00 00 00                                       ....
2026-03-13 19:03:47.982 [INFO] [S2] IV header: IV028fd7
2026-03-13 19:03:47.983 [DEBUG] [S2] IV payload (40 bytes): a63b303433431c02000000a20000007b30303134000201aa0000000c00010001
2026-03-13 19:03:47.983 [INFO] [S2] << RECV 0xA6 #5 (40 bytes, flags=0x3B)
2026-03-13 19:03:47.983 [DEBUG] [S2] << Raw 0xA6:
--- Client 0xA6 frame (40 bytes) ---
  0000: A6 3B 30 34 33 43 1C 02 00 00 00 A2 00 00 00 7B   .;043C.........{
  0010: 30 30 31 34 00 02 01 AA 00 00 00 0C 00 01 00 01   0014............
  0020: 00 00 20 2C 20 2C 06 02                           .. , ,..
2026-03-13 19:03:47.983 [INFO] [S2] 0xA6 data: seq=162, val2=0x0000007B, raw_pos=16, remaining=24
2026-03-13 19:03:47.983 [INFO] [S2] Extracted SCMD (20 bytes): 000201aa0000000c000100010000202c202c0602
2026-03-13 19:03:47.983 [INFO] [S2] << SCMD 0x01AA (12 bytes, param1=0x0002)
2026-03-13 19:03:47.983 [INFO] [S2] UPDATE_CHARDATA_REPLY received
2026-03-13 19:03:47.985 [INFO] [S2] Built session DATA frame: 200 bytes, seq=443, scmd_len=180, cksum=0x0858, header=0003085800000000000001bb000001bc00b40000
2026-03-13 19:03:47.985 [INFO] [S2] >> SEND 0x02F9 (172 bytes payload, param1=0x0000, send_seq=623)
2026-03-13 19:03:47.985 [DEBUG] [S2] >> SCMD:
--- SCMD 0x02F9 (180 bytes) ---
  0000: 00 00 02 F9 00 00 00 AC 00 00 00 01 00 00 00 01   ................
  0010: 31 32 33 34 35 00 00 00 00 00 00 00 00 00 00 00   12345...........
  0020: 00 00 00 00 01 00 00 00 00 00 00 00 00 00 03 E8   ................
  0030: 00 00 00 00 00 00 00 00 00 00 00 00 00 00 00 00   ................
  0040: 00 00 00 00 00 00 00 01 00 00 00 01 00 00 00 00   ................
  0050: 00 64 00 32 00 0F 00 0C 00 0A 00 0A 00 0C 00 0A   .d.2............
  0060: 00 0A 00 0A 00 0A 00 0A 00 0A 00 0A 00 0A 00 0A   ................
  0070: 00 0A 00 0A 00 0A 00 64 00 32 00 0F 00 0C 00 0A   .......d.2......
  0080: 00 0A 00 0C 00 0A 00 0A 00 0A 00 0A 00 0A 00 0A   ................
  0090: 00 0A 00 0A 00 0A 00 0A 00 0A 00 0A 00 00 00 00   ................
  00A0: 00 00 00 00 00 00 00 00 00 00 00 00 00 00 00 00   ................
  00B0: 00 00 00 00                                       ....
2026-03-13 19:03:47.985 [DEBUG] [S2] >> Session frame:
--- Session DATA frame (200 bytes) ---
  0000: 00 03 08 58 00 00 00 00 00 00 01 BB 00 00 01 BC   ...X............
  0010: 00 B4 00 00 00 00 02 F9 00 00 00 AC 00 00 00 01   ................
  0020: 00 00 00 01 31 32 33 34 35 00 00 00 00 00 00 00   ....12345.......
  0030: 00 00 00 00 00 00 00 00 01 00 00 00 00 00 00 00   ................
  0040: 00 00 03 E8 00 00 00 00 00 00 00 00 00 00 00 00   ................
  0050: 00 00 00 00 00 00 00 00 00 00 00 01 00 00 00 01   ................
  0060: 00 00 00 00 00 64 00 32 00 0F 00 0C 00 0A 00 0A   .....d.2........
  0070: 00 0C 00 0A 00 0A 00 0A 00 0A 00 0A 00 0A 00 0A   ................
  0080: 00 0A 00 0A 00 0A 00 0A 00 0A 00 64 00 32 00 0F   ...........d.2..
  0090: 00 0C 00 0A 00 0A 00 0C 00 0A 00 0A 00 0A 00 0A   ................
  00A0: 00 0A 00 0A 00 0A 00 0A 00 0A 00 0A 00 0A 00 0A   ................
  00B0: 00 00 00 00 00 00 00 00 00 00 00 00 00 00 00 00   ................
  00C0: 00 00 00 00 00 00 00 00                           ........
2026-03-13 19:03:48.044 [INFO] [S2] Built session DATA frame: 60 bytes, seq=623, scmd_len=40, cksum=0x031E, header=0003031e000000000000026f0000027000280000
2026-03-13 19:03:48.045 [INFO] [S2] >> SEND 0x02D2 (32 bytes payload, param1=0x0000, send_seq=663)
2026-03-13 19:03:48.045 [DEBUG] [S2] >> SCMD:
--- SCMD 0x02D2 (40 bytes) ---
  0000: 00 00 02 D2 00 00 00 20 01 01 01 01 00 00 00 18   ....... ........
  0010: 31 32 33 34 35 00 00 00 00 00 00 00 00 00 00 00   12345...........
  0020: 00 00 00 00 00 01 00 00                           ........
2026-03-13 19:03:48.045 [DEBUG] [S2] >> Session frame:
--- Session DATA frame (60 bytes) ---
  0000: 00 03 03 1E 00 00 00 00 00 00 02 6F 00 00 02 70   ...........o...p
  0010: 00 28 00 00 00 00 02 D2 00 00 00 20 01 01 01 01   .(......... ....
  0020: 00 00 00 18 31 32 33 34 35 00 00 00 00 00 00 00   ....12345.......
  0030: 00 00 00 00 00 00 00 00 00 01 00 00               ............
2026-03-13 19:03:48.087 [INFO] [S2] Built session DATA frame: 88 bytes, seq=663, scmd_len=68, cksum=0x0506, header=0003050600000000000002970000029800440000
2026-03-13 19:03:48.088 [INFO] [S2] >> SEND 0x02D2 (60 bytes payload, param1=0x0000, send_seq=731)
2026-03-13 19:03:48.088 [DEBUG] [S2] >> SCMD:
--- SCMD 0x02D2 (68 bytes) ---
  0000: 00 00 02 D2 00 00 00 3C 02 01 01 01 00 00 00 34   .......<.......4
  0010: 00 00 00 00 31 32 33 34 35 00 00 00 00 00 00 00   ....12345.......
  0020: 00 00 00 00 00 00 0F 0C 0A 0A 0C 0A 0A 0A 00 00   ................
  0030: 00 00 03 E8 00 00 00 00 00 00 00 00 00 00 00 00   ................
  0040: 00 00 00 00                                       ....
2026-03-13 19:03:48.088 [DEBUG] [S2] >> Session frame:
--- Session DATA frame (88 bytes) ---
  0000: 00 03 05 06 00 00 00 00 00 00 02 97 00 00 02 98   ................
  0010: 00 44 00 00 00 00 02 D2 00 00 00 3C 02 01 01 01   .D.........<....
  0020: 00 00 00 34 00 00 00 00 31 32 33 34 35 00 00 00   ...4....12345...
  0030: 00 00 00 00 00 00 00 00 00 00 0F 0C 0A 0A 0C 0A   ................
  0040: 0A 0A 00 00 00 00 03 E8 00 00 00 00 00 00 00 00   ................
  0050: 00 00 00 00 00 00 00 00                           ........
2026-03-13 19:03:48.138 [INFO] [S2] Built session DATA frame: 36 bytes, seq=731, scmd_len=16, cksum=0x02AF, header=000302af00000000000002db000002dc00100000
2026-03-13 19:03:48.138 [INFO] [S2] >> SEND 0x02D2 (8 bytes payload, param1=0x0000, send_seq=747)
2026-03-13 19:03:48.138 [DEBUG] [S2] >> SCMD:
--- SCMD 0x02D2 (16 bytes) ---
  0000: 00 00 02 D2 00 00 00 08 03 01 01 00 00 00 00 00   ................
2026-03-13 19:03:48.138 [DEBUG] [S2] >> Session frame:
--- Session DATA frame (36 bytes) ---
  0000: 00 03 02 AF 00 00 00 00 00 00 02 DB 00 00 02 DC   ................
  0010: 00 10 00 00 00 00 02 D2 00 00 00 08 03 01 01 00   ................
  0020: 00 00 00 00                                       ....
2026-03-13 19:03:48.201 [INFO] [S2] Built session DATA frame: 36 bytes, seq=747, scmd_len=16, cksum=0x0294, header=0003029400000000000002eb000002ec00100000
2026-03-13 19:03:48.202 [INFO] [S2] >> SEND 0x019D (8 bytes payload, param1=0x0000, send_seq=763)
2026-03-13 19:03:48.202 [DEBUG] [S2] >> SCMD:
--- SCMD 0x019D (16 bytes) ---
  0000: 00 00 01 9D 00 00 00 08 00 00 00 00 00 00 00 00   ................
2026-03-13 19:03:48.202 [DEBUG] [S2] >> Session frame:
--- Session DATA frame (36 bytes) ---
  0000: 00 03 02 94 00 00 00 00 00 00 02 EB 00 00 02 EC   ................
  0010: 00 10 00 00 00 00 01 9D 00 00 00 08 00 00 00 00   ................
  0020: 00 00 00 00                                       ....
2026-03-13 19:03:48.202 [INFO] [S2] IV header: IV020fdf
2026-03-13 19:03:48.202 [DEBUG] [S2] IV payload (32 bytes): a63b303341411c02000000b60000012f30303043000001ec0000000400000001
2026-03-13 19:03:48.202 [INFO] [S2] << RECV 0xA6 #6 (32 bytes, flags=0x3B)
2026-03-13 19:03:48.203 [DEBUG] [S2] << Raw 0xA6:
--- Client 0xA6 frame (32 bytes) ---
  0000: A6 3B 30 33 41 41 1C 02 00 00 00 B6 00 00 01 2F   .;03AA........./
  0010: 30 30 30 43 00 00 01 EC 00 00 00 04 00 00 00 01   000C............
2026-03-13 19:03:48.203 [INFO] [S2] 0xA6 data: seq=182, val2=0x0000012F, raw_pos=16, remaining=16
2026-03-13 19:03:48.203 [INFO] [S2] Extracted SCMD (12 bytes): 000001ec0000000400000001
2026-03-13 19:03:48.203 [INFO] [S2] << SCMD 0x01EC (4 bytes, param1=0x0000)
2026-03-13 19:03:48.203 [INFO] [S2] Built session DATA frame: 36 bytes, seq=763, scmd_len=16, cksum=0x0304, header=0003030400000000000002fb000002fc00100000
2026-03-13 19:03:48.204 [INFO] [S2] >> SEND 0x01ED (8 bytes payload, param1=0x0000, send_seq=779)
2026-03-13 19:03:48.204 [DEBUG] [S2] >> SCMD:
--- SCMD 0x01ED (16 bytes) ---
  0000: 00 00 01 ED 00 00 00 08 00 00 00 00 00 00 00 00   ................
2026-03-13 19:03:48.204 [DEBUG] [S2] >> Session frame:
--- Session DATA frame (36 bytes) ---
  0000: 00 03 03 04 00 00 00 00 00 00 02 FB 00 00 02 FC   ................
  0010: 00 10 00 00 00 00 01 ED 00 00 00 08 00 00 00 00   ................
  0020: 00 00 00 00                                       ....
2026-03-13 19:03:48.774 [INFO] [S2] IV header: IV020fdf
2026-03-13 19:03:48.798 [DEBUG] [S2] IV payload (32 bytes): a63b303346371c02000000c20000026f30303043000001ec0000000400000001
2026-03-13 19:03:48.799 [INFO] [S2] << RECV 0xA6 #7 (32 bytes, flags=0x3B)
2026-03-13 19:03:48.799 [DEBUG] [S2] << Raw 0xA6:
--- Client 0xA6 frame (32 bytes) ---
  0000: A6 3B 30 33 46 37 1C 02 00 00 00 C2 00 00 02 6F   .;03F7.........o
  0010: 30 30 30 43 00 00 01 EC 00 00 00 04 00 00 00 01   000C............
2026-03-13 19:03:48.799 [INFO] [S2] 0xA6 data: seq=194, val2=0x0000026F, raw_pos=16, remaining=16
2026-03-13 19:03:48.800 [INFO] [S2] Extracted SCMD (12 bytes): 000001ec0000000400000001
2026-03-13 19:03:48.800 [INFO] [S2] << SCMD 0x01EC (4 bytes, param1=0x0000)
2026-03-13 19:03:48.800 [INFO] [S2] Built session DATA frame: 36 bytes, seq=779, scmd_len=16, cksum=0x0126, header=00030126000000000000030b0000030c00100000
2026-03-13 19:03:48.801 [INFO] [S2] >> SEND 0x01ED (8 bytes payload, param1=0x0000, send_seq=795)
2026-03-13 19:03:48.801 [DEBUG] [S2] >> SCMD:
--- SCMD 0x01ED (16 bytes) ---
  0000: 00 00 01 ED 00 00 00 08 00 00 00 00 00 00 00 00   ................
2026-03-13 19:03:48.801 [DEBUG] [S2] >> Session frame:
--- Session DATA frame (36 bytes) ---
  0000: 00 03 01 26 00 00 00 00 00 00 03 0B 00 00 03 0C   ...&............
  0010: 00 10 00 00 00 00 01 ED 00 00 00 08 00 00 00 00   ................
  0020: 00 00 00 00                                       ....
2026-03-13 19:03:49.474 [INFO] [S2] IV header: IV020fdf
2026-03-13 19:03:49.500 [DEBUG] [S2] IV payload (32 bytes): a63b303331441c02000000ce0000030b30303043000002680000000400000001
2026-03-13 19:03:49.500 [INFO] [S2] << RECV 0xA6 #8 (32 bytes, flags=0x3B)
2026-03-13 19:03:49.500 [DEBUG] [S2] << Raw 0xA6:
--- Client 0xA6 frame (32 bytes) ---
  0000: A6 3B 30 33 31 44 1C 02 00 00 00 CE 00 00 03 0B   .;031D..........
  0010: 30 30 30 43 00 00 02 68 00 00 00 04 00 00 00 01   000C...h........
2026-03-13 19:03:49.500 [INFO] [S2] 0xA6 data: seq=206, val2=0x0000030B, raw_pos=16, remaining=16
2026-03-13 19:03:49.501 [INFO] [S2] Extracted SCMD (12 bytes): 000002680000000400000001
2026-03-13 19:03:49.501 [INFO] [S2] << SCMD 0x0268 (4 bytes, param1=0x0000)
2026-03-13 19:03:49.501 [INFO] [S2] Built session DATA frame: 30 bytes, seq=795, scmd_len=10, cksum=0x00B7, header=000300b7000000000000031b0000031c000a0000
2026-03-13 19:03:49.502 [INFO] [S2] >> SEND 0x0269 (2 bytes payload, param1=0x0000, send_seq=805)
2026-03-13 19:03:49.502 [DEBUG] [S2] >> SCMD:
--- SCMD 0x0269 (10 bytes) ---
  0000: 00 00 02 69 00 00 00 02 00 00                     ...i......
2026-03-13 19:03:49.502 [DEBUG] [S2] >> Session frame:
--- Session DATA frame (30 bytes) ---
  0000: 00 03 00 B7 00 00 00 00 00 00 03 1B 00 00 03 1C   ................
  0010: 00 0A 00 00 00 00 02 69 00 00 00 02 00 00         .......i......
2026-03-13 19:03:49.574 [INFO] [S2] IV header: IV021fde
2026-03-13 19:03:49.604 [DEBUG] [S2] IV payload (33 bytes): a63b303342351c02000000da0000031c7b303030430000026800000004000000
2026-03-13 19:03:49.604 [INFO] [S2] << RECV 0xA6 #9 (33 bytes, flags=0x3B)
2026-03-13 19:03:49.604 [DEBUG] [S2] << Raw 0xA6:
--- Client 0xA6 frame (33 bytes) ---
  0000: A6 3B 30 33 42 35 1C 02 00 00 00 DA 00 00 03 1C   .;03B5..........
  0010: 7B 30 30 30 43 00 00 02 68 00 00 00 04 00 00 00   {000C...h.......
  0020: 01                                                .
2026-03-13 19:03:49.604 [INFO] [S2] 0xA6 data: seq=218, val2=0x0000031B, raw_pos=17, remaining=16
2026-03-13 19:03:49.604 [INFO] [S2] Extracted SCMD (12 bytes): 000002680000000400000001
2026-03-13 19:03:49.604 [INFO] [S2] << SCMD 0x0268 (4 bytes, param1=0x0000)
2026-03-13 19:03:49.604 [INFO] [S2] Built session DATA frame: 30 bytes, seq=805, scmd_len=10, cksum=0x00CB, header=000300cb000000000000032500000326000a0000
2026-03-13 19:03:49.605 [INFO] [S2] >> SEND 0x0269 (2 bytes payload, param1=0x0000, send_seq=815)
2026-03-13 19:03:49.605 [DEBUG] [S2] >> SCMD:
--- SCMD 0x0269 (10 bytes) ---
  0000: 00 00 02 69 00 00 00 02 00 00                     ...i......
2026-03-13 19:03:49.605 [DEBUG] [S2] >> Session frame:
--- Session DATA frame (30 bytes) ---
  0000: 00 03 00 CB 00 00 00 00 00 00 03 25 00 00 03 26   ...........%...&
  0010: 00 0A 00 00 00 00 02 69 00 00 00 02 00 00         .......i......
2026-03-13 19:03:50.699 [INFO] [S2] IV header: IV01efe1
2026-03-13 19:03:50.721 [DEBUG] [S2] IV payload (30 bytes): a63b303338351c02000000e60000032f303030410000019a000000020000
2026-03-13 19:03:50.721 [INFO] [S2] << RECV 0xA6 #10 (30 bytes, flags=0x3B)
2026-03-13 19:03:50.721 [DEBUG] [S2] << Raw 0xA6:
--- Client 0xA6 frame (30 bytes) ---
  0000: A6 3B 30 33 38 35 1C 02 00 00 00 E6 00 00 03 2F   .;0385........./
  0010: 30 30 30 41 00 00 01 9A 00 00 00 02 00 00         000A..........
2026-03-13 19:03:50.721 [INFO] [S2] 0xA6 data: seq=230, val2=0x0000032F, raw_pos=16, remaining=14
2026-03-13 19:03:50.721 [INFO] [S2] Extracted SCMD (10 bytes): 0000019a000000020000
2026-03-13 19:03:50.721 [INFO] [S2] << SCMD 0x019A (2 bytes, param1=0x0000)
2026-03-13 19:03:50.723 [INFO] [S2] LOGOUT
2026-03-13 19:03:50.723 [INFO] [S2] Built session DATA frame: 36 bytes, seq=815, scmd_len=16, cksum=0x011C, header=0003011c000000000000032f0000033000100000
2026-03-13 19:03:50.723 [INFO] [S2] >> SEND 0x019B (8 bytes payload, param1=0x0000, send_seq=831)
2026-03-13 19:03:50.723 [DEBUG] [S2] >> SCMD:
--- SCMD 0x019B (16 bytes) ---
  0000: 00 00 01 9B 00 00 00 08 00 00 00 00 00 00 00 00   ................
2026-03-13 19:03:50.723 [DEBUG] [S2] >> Session frame:
--- Session DATA frame (36 bytes) ---
  0000: 00 03 01 1C 00 00 00 00 00 00 03 2F 00 00 03 30   .........../...0
  0010: 00 10 00 00 00 00 01 9B 00 00 00 08 00 00 00 00   ................
  0020: 00 00 00 00                                       ....
2026-03-13 19:03:50.723 [INFO] [S2] Message loop ended after 10 messages
2026-03-13 19:03:50.724 [INFO] [S2] Session closed
